2021-10-12 13:58:15,449 [0x000013a4] INFO  root - Start ...
2021-10-12 13:58:15,449 [0x000013a4] INFO  root - Start qaTool ...
2021-10-12 13:58:15,449 [0x000013a4] INFO  qaTool - qaTool (rev 3.0.0-55679)
(C) 2006-2020 Leica Geosystems AG / North West Geomatics Ltd.
2021-10-12 13:58:15,449 [0x000013a4] INFO  qaTool - C:\Program Files\Hexagon\HxMap\Workflow Manager\qaTool --block Q:\Lidar\21.08.25 Natchitoches LiDAR Test\LiDAR DATA\21.10.11_Natchitoches\block\block\block.hexbk --session Q:\Lidar\21.08.25 Natchitoches LiDAR Test\LiDAR DATA\21.10.11_Natchitoches\block\block\20210825_003503\20210825_003503.hexrs --strip 005_011048 --take {c2110f3c-ad95-4337-bf98-2dcc1a6ba765} --saveCloud --commandId 0 --patchSettings 100,5,0.05,2 --sClass 0,1,0,1,0 --sClass 1,0,0.501961,0.501961,0 --sClass 2,0,0,0,0.501961 --sClass 3,0,0,0.501961,0 --sClass 4,0,0.501961,0,0 --sClass 5,0,1,1,0 --sClass 6,0,1,0,1 --sClass 7,0,0.501961,0,0.501961 --sClass 8,0,1,0,0 --sClass 9,0,0.501961,0.501961,0 --sClass 10,0,0,1,1 --sClass 11,0,0,0,1 --sClass 12,0,0.752941,0.752941,0.752941 --sClass 13,0,0,1,0 --sClass 14,0,1,0,0 --sClass 15,0,0.752941,0.752941,0.752941 --sClass 16,0,0.627451,0.627451,0.643137 --sClass 17,0,0.501961,0.501961,0.501961 --sClass 18,0,0,0.501961,0.501961 --sClass 40,0,0,0,0.501961 --sClass 41,0,0.501961,0,0.501961 --sClass 42,0,0,0.501961,0.501961 --sClass 43,0,0,0.501961,0 --sClass 44,0,0.501961,0,0 --sClass 45,0,0.627451,0.627451,0.643137 --sClass 64,0,1,1,0 --sClass 65,0,1,0,1 --sClass 66,0,0,1,1 --sClass 67,0,0,0,1 --output Q:/Lidar/21.08.25 Natchitoches LiDAR Test/LiDAR DATA/21.10.11_Natchitoches/QATool/20211012_135814_QA --limit 0.03,0,128,0 --limit 0.05,0,255,0 --limit 0.1,255,255,0 --limit 1.79769e+308,255,0,0 
2021-10-12 13:58:15,667 [0x000013a4] INFO  qaTool - Licensing initialization OK
2021-10-12 13:58:17,095 [0x000013a4] INFO  QualityPointCloud - Loading Q:\Lidar\21.08.25 Natchitoches LiDAR Test\LiDAR DATA\21.10.11_Natchitoches\block\block\20210825_003503\Natchitoches_test_flight_07192021_1\Natchitoches_test_flight_07192021_1\005_011048\pc\005_011048_1_3_adj.las using 100% of the points
2021-10-12 13:58:17,472 [0x000013a4] INFO  QualityPointCloud - Loading Q:\Lidar\21.08.25 Natchitoches LiDAR Test\LiDAR DATA\21.10.11_Natchitoches\block\block\20210825_003503\Natchitoches_test_flight_07192021_1\Natchitoches_test_flight_07192021_1\005_011048\pc\005_011048_0_3_adj.las using 100% of the points
2021-10-12 13:58:20,677 [0x000013a4] INFO  QualityPointCloud - Loading Q:\Lidar\21.08.25 Natchitoches LiDAR Test\LiDAR DATA\21.10.11_Natchitoches\block\block\20210825_003503\Natchitoches_test_flight_07192021_1\Natchitoches_test_flight_07192021_1\005_011048\pc\005_011048_1_4_adj.las using 100% of the points
2021-10-12 13:58:21,192 [0x000013a4] INFO  QualityPointCloud - Loading Q:\Lidar\21.08.25 Natchitoches LiDAR Test\LiDAR DATA\21.10.11_Natchitoches\block\block\20210825_003503\Natchitoches_test_flight_07192021_1\Natchitoches_test_flight_07192021_1\005_011048\pc\005_011048_0_4_adj.las using 100% of the points
2021-10-12 13:58:24,605 [0x000013a4] INFO  QualityPointCloud - Loading Q:\Lidar\21.08.25 Natchitoches LiDAR Test\LiDAR DATA\21.10.11_Natchitoches\block\block\20210825_003503\Natchitoches_test_flight_07192021_1\Natchitoches_test_flight_07192021_1\005_011048\pc\005_011048_0_2_adj.las using 100% of the points
2021-10-12 13:58:28,024 [0x000013a4] INFO  QualityPointCloud - Loading Q:\Lidar\21.08.25 Natchitoches LiDAR Test\LiDAR DATA\21.10.11_Natchitoches\block\block\20210825_003503\Natchitoches_test_flight_07192021_1\Natchitoches_test_flight_07192021_1\005_011048\pc\005_011048_0_5_adj.las using 100% of the points
2021-10-12 13:58:32,010 [0x000013a4] INFO  QualityPointCloud - Loading Q:\Lidar\21.08.25 Natchitoches LiDAR Test\LiDAR DATA\21.10.11_Natchitoches\block\block\20210825_003503\Natchitoches_test_flight_07192021_1\Natchitoches_test_flight_07192021_1\005_011048\pc\005_011048_1_7_adj.las using 100% of the points
2021-10-12 13:58:32,419 [0x000013a4] INFO  QualityPointCloud - Loading Q:\Lidar\21.08.25 Natchitoches LiDAR Test\LiDAR DATA\21.10.11_Natchitoches\block\block\20210825_003503\Natchitoches_test_flight_07192021_1\Natchitoches_test_flight_07192021_1\005_011048\pc\005_011048_1_6_adj.las using 100% of the points
2021-10-12 13:58:33,230 [0x000013a4] INFO  QualityPointCloud - Loading Q:\Lidar\21.08.25 Natchitoches LiDAR Test\LiDAR DATA\21.10.11_Natchitoches\block\block\20210825_003503\Natchitoches_test_flight_07192021_1\Natchitoches_test_flight_07192021_1\005_011048\pc\005_011048_1_5_adj.las using 100% of the points
2021-10-12 13:58:33,879 [0x000013a4] INFO  QualityPointCloud - Loading Q:\Lidar\21.08.25 Natchitoches LiDAR Test\LiDAR DATA\21.10.11_Natchitoches\block\block\20210825_003503\Natchitoches_test_flight_07192021_1\Natchitoches_test_flight_07192021_1\005_011048\pc\005_011048_0_6_adj.las using 100% of the points
2021-10-12 13:58:38,207 [0x000013a4] INFO  QualityPointCloud - Loading Q:\Lidar\21.08.25 Natchitoches LiDAR Test\LiDAR DATA\21.10.11_Natchitoches\block\block\20210825_003503\Natchitoches_test_flight_07192021_1\Natchitoches_test_flight_07192021_1\005_011048\pc\005_011048_0_7_adj.las using 100% of the points
2021-10-12 13:58:40,524 [0x000013a4] INFO  QualityPointCloud - Loading Q:\Lidar\21.08.25 Natchitoches LiDAR Test\LiDAR DATA\21.10.11_Natchitoches\block\block\20210825_003503\Natchitoches_test_flight_07192021_1\Natchitoches_test_flight_07192021_1\005_011048\pc\005_011048_0_0_adj.las using 100% of the points
2021-10-12 13:58:43,875 [0x000013a4] INFO  QualityPointCloud - Loading Q:\Lidar\21.08.25 Natchitoches LiDAR Test\LiDAR DATA\21.10.11_Natchitoches\block\block\20210825_003503\Natchitoches_test_flight_07192021_1\Natchitoches_test_flight_07192021_1\005_011048\pc\005_011048_1_1_adj.las using 100% of the points
2021-10-12 13:58:43,886 [0x000013a4] INFO  QualityPointCloud - Loading Q:\Lidar\21.08.25 Natchitoches LiDAR Test\LiDAR DATA\21.10.11_Natchitoches\block\block\20210825_003503\Natchitoches_test_flight_07192021_1\Natchitoches_test_flight_07192021_1\005_011048\pc\005_011048_1_2_adj.las using 100% of the points
2021-10-12 13:58:44,002 [0x000013a4] INFO  QualityPointCloud - Loading Q:\Lidar\21.08.25 Natchitoches LiDAR Test\LiDAR DATA\21.10.11_Natchitoches\block\block\20210825_003503\Natchitoches_test_flight_07192021_1\Natchitoches_test_flight_07192021_1\005_011048\pc\005_011048_0_1_adj.las using 100% of the points
2021-10-12 13:59:04,665 [0x000013a4] INFO  VerticalCompare - Comparing with definition dataset
2021-10-12 13:59:39,849 [0x000013a4] INFO  root - End qaTool
2021-10-12 13:59:40,363 [0x00001d40] INFO  root - Start ...
2021-10-12 13:59:40,363 [0x00001d40] INFO  root - Start qaTool ...
2021-10-12 13:59:40,363 [0x00001d40] INFO  qaTool - qaTool (rev 3.0.0-55679)
(C) 2006-2020 Leica Geosystems AG / North West Geomatics Ltd.
2021-10-12 13:59:40,363 [0x00001d40] INFO  qaTool - C:\Program Files\Hexagon\HxMap\Workflow Manager\qaTool --block Q:\Lidar\21.08.25 Natchitoches LiDAR Test\LiDAR DATA\21.10.11_Natchitoches\block\block\block.hexbk --session Q:\Lidar\21.08.25 Natchitoches LiDAR Test\LiDAR DATA\21.10.11_Natchitoches\block\block\20210825_003503\20210825_003503.hexrs --strip 004_010545 --take {8882e8fd-4451-4029-a8fc-f0008666e0a0} --saveCloud --commandId 0 --patchSettings 100,5,0.05,2 --sClass 0,1,0,1,0 --sClass 1,0,0.501961,0.501961,0 --sClass 2,0,0,0,0.501961 --sClass 3,0,0,0.501961,0 --sClass 4,0,0.501961,0,0 --sClass 5,0,1,1,0 --sClass 6,0,1,0,1 --sClass 7,0,0.501961,0,0.501961 --sClass 8,0,1,0,0 --sClass 9,0,0.501961,0.501961,0 --sClass 10,0,0,1,1 --sClass 11,0,0,0,1 --sClass 12,0,0.752941,0.752941,0.752941 --sClass 13,0,0,1,0 --sClass 14,0,1,0,0 --sClass 15,0,0.752941,0.752941,0.752941 --sClass 16,0,0.627451,0.627451,0.643137 --sClass 17,0,0.501961,0.501961,0.501961 --sClass 18,0,0,0.501961,0.501961 --sClass 40,0,0,0,0.501961 --sClass 41,0,0.501961,0,0.501961 --sClass 42,0,0,0.501961,0.501961 --sClass 43,0,0,0.501961,0 --sClass 44,0,0.501961,0,0 --sClass 45,0,0.627451,0.627451,0.643137 --sClass 64,0,1,1,0 --sClass 65,0,1,0,1 --sClass 66,0,0,1,1 --sClass 67,0,0,0,1 --output Q:/Lidar/21.08.25 Natchitoches LiDAR Test/LiDAR DATA/21.10.11_Natchitoches/QATool/20211012_135814_QA --limit 0.03,0,128,0 --limit 0.05,0,255,0 --limit 0.1,255,255,0 --limit 1.79769e+308,255,0,0 
2021-10-12 13:59:40,562 [0x00001d40] INFO  qaTool - Licensing initialization OK
2021-10-12 13:59:41,903 [0x00001d40] INFO  QualityPointCloud - Loading Q:\Lidar\21.08.25 Natchitoches LiDAR Test\LiDAR DATA\21.10.11_Natchitoches\block\block\20210825_003503\Natchitoches_test_flight_07192021_1\Natchitoches_test_flight_07192021_1\004_010545\pc\004_010545_0_0_adj.las using 100% of the points
2021-10-12 13:59:43,548 [0x00001d40] INFO  QualityPointCloud - Loading Q:\Lidar\21.08.25 Natchitoches LiDAR Test\LiDAR DATA\21.10.11_Natchitoches\block\block\20210825_003503\Natchitoches_test_flight_07192021_1\Natchitoches_test_flight_07192021_1\004_010545\pc\004_010545_0_1_adj.las using 100% of the points
2021-10-12 13:59:46,694 [0x00001d40] INFO  QualityPointCloud - Loading Q:\Lidar\21.08.25 Natchitoches LiDAR Test\LiDAR DATA\21.10.11_Natchitoches\block\block\20210825_003503\Natchitoches_test_flight_07192021_1\Natchitoches_test_flight_07192021_1\004_010545\pc\004_010545_0_7_adj.las using 100% of the points
2021-10-12 13:59:48,821 [0x00001d40] INFO  QualityPointCloud - Loading Q:\Lidar\21.08.25 Natchitoches LiDAR Test\LiDAR DATA\21.10.11_Natchitoches\block\block\20210825_003503\Natchitoches_test_flight_07192021_1\Natchitoches_test_flight_07192021_1\004_010545\pc\004_010545_1_6_adj.las using 100% of the points
2021-10-12 13:59:49,611 [0x00001d40] INFO  QualityPointCloud - Loading Q:\Lidar\21.08.25 Natchitoches LiDAR Test\LiDAR DATA\21.10.11_Natchitoches\block\block\20210825_003503\Natchitoches_test_flight_07192021_1\Natchitoches_test_flight_07192021_1\004_010545\pc\004_010545_0_6_adj.las using 100% of the points
2021-10-12 13:59:53,909 [0x00001d40] INFO  QualityPointCloud - Loading Q:\Lidar\21.08.25 Natchitoches LiDAR Test\LiDAR DATA\21.10.11_Natchitoches\block\block\20210825_003503\Natchitoches_test_flight_07192021_1\Natchitoches_test_flight_07192021_1\004_010545\pc\004_010545_1_7_adj.las using 100% of the points
2021-10-12 13:59:54,332 [0x00001d40] INFO  QualityPointCloud - Loading Q:\Lidar\21.08.25 Natchitoches LiDAR Test\LiDAR DATA\21.10.11_Natchitoches\block\block\20210825_003503\Natchitoches_test_flight_07192021_1\Natchitoches_test_flight_07192021_1\004_010545\pc\004_010545_0_2_adj.las using 100% of the points
2021-10-12 13:59:58,299 [0x00001d40] INFO  QualityPointCloud - Loading Q:\Lidar\21.08.25 Natchitoches LiDAR Test\LiDAR DATA\21.10.11_Natchitoches\block\block\20210825_003503\Natchitoches_test_flight_07192021_1\Natchitoches_test_flight_07192021_1\004_010545\pc\004_010545_1_5_adj.las using 100% of the points
2021-10-12 13:59:58,615 [0x00001d40] INFO  QualityPointCloud - Loading Q:\Lidar\21.08.25 Natchitoches LiDAR Test\LiDAR DATA\21.10.11_Natchitoches\block\block\20210825_003503\Natchitoches_test_flight_07192021_1\Natchitoches_test_flight_07192021_1\004_010545\pc\004_010545_0_5_adj.las using 100% of the points
2021-10-12 14:00:03,069 [0x00001d40] INFO  QualityPointCloud - Loading Q:\Lidar\21.08.25 Natchitoches LiDAR Test\LiDAR DATA\21.10.11_Natchitoches\block\block\20210825_003503\Natchitoches_test_flight_07192021_1\Natchitoches_test_flight_07192021_1\004_010545\pc\004_010545_1_2_adj.las using 100% of the points
2021-10-12 14:00:03,123 [0x00001d40] INFO  QualityPointCloud - Loading Q:\Lidar\21.08.25 Natchitoches LiDAR Test\LiDAR DATA\21.10.11_Natchitoches\block\block\20210825_003503\Natchitoches_test_flight_07192021_1\Natchitoches_test_flight_07192021_1\004_010545\pc\004_010545_1_3_adj.las using 100% of the points
2021-10-12 14:00:03,339 [0x00001d40] INFO  QualityPointCloud - Loading Q:\Lidar\21.08.25 Natchitoches LiDAR Test\LiDAR DATA\21.10.11_Natchitoches\block\block\20210825_003503\Natchitoches_test_flight_07192021_1\Natchitoches_test_flight_07192021_1\004_010545\pc\004_010545_0_4_adj.las using 100% of the points
2021-10-12 14:00:08,208 [0x00001d40] INFO  QualityPointCloud - Loading Q:\Lidar\21.08.25 Natchitoches LiDAR Test\LiDAR DATA\21.10.11_Natchitoches\block\block\20210825_003503\Natchitoches_test_flight_07192021_1\Natchitoches_test_flight_07192021_1\004_010545\pc\004_010545_0_3_adj.las using 100% of the points
2021-10-12 14:00:12,781 [0x00001d40] INFO  QualityPointCloud - Loading Q:\Lidar\21.08.25 Natchitoches LiDAR Test\LiDAR DATA\21.10.11_Natchitoches\block\block\20210825_003503\Natchitoches_test_flight_07192021_1\Natchitoches_test_flight_07192021_1\004_010545\pc\004_010545_1_4_adj.las using 100% of the points
2021-10-12 14:00:27,567 [0x00001d40] INFO  VerticalCompare - Comparing with definition dataset
2021-10-12 14:01:00,765 [0x00001d40] INFO  root - End qaTool
2021-10-12 14:01:01,284 [0x00002164] INFO  root - Start ...
2021-10-12 14:01:01,284 [0x00002164] INFO  root - Start qaTool ...
2021-10-12 14:01:01,284 [0x00002164] INFO  qaTool - qaTool (rev 3.0.0-55679)
(C) 2006-2020 Leica Geosystems AG / North West Geomatics Ltd.
2021-10-12 14:01:01,285 [0x00002164] INFO  qaTool - C:\Program Files\Hexagon\HxMap\Workflow Manager\qaTool --block Q:\Lidar\21.08.25 Natchitoches LiDAR Test\LiDAR DATA\21.10.11_Natchitoches\block\block\block.hexbk --session Q:\Lidar\21.08.25 Natchitoches LiDAR Test\LiDAR DATA\21.10.11_Natchitoches\block\block\20210825_003503\20210825_003503.hexrs --strip 003_010127 --take {707cc1e5-cb1d-45fa-a5b5-7332aeabfaa1} --saveCloud --commandId 0 --patchSettings 100,5,0.05,2 --sClass 0,1,0,1,0 --sClass 1,0,0.501961,0.501961,0 --sClass 2,0,0,0,0.501961 --sClass 3,0,0,0.501961,0 --sClass 4,0,0.501961,0,0 --sClass 5,0,1,1,0 --sClass 6,0,1,0,1 --sClass 7,0,0.501961,0,0.501961 --sClass 8,0,1,0,0 --sClass 9,0,0.501961,0.501961,0 --sClass 10,0,0,1,1 --sClass 11,0,0,0,1 --sClass 12,0,0.752941,0.752941,0.752941 --sClass 13,0,0,1,0 --sClass 14,0,1,0,0 --sClass 15,0,0.752941,0.752941,0.752941 --sClass 16,0,0.627451,0.627451,0.643137 --sClass 17,0,0.501961,0.501961,0.501961 --sClass 18,0,0,0.501961,0.501961 --sClass 40,0,0,0,0.501961 --sClass 41,0,0.501961,0,0.501961 --sClass 42,0,0,0.501961,0.501961 --sClass 43,0,0,0.501961,0 --sClass 44,0,0.501961,0,0 --sClass 45,0,0.627451,0.627451,0.643137 --sClass 64,0,1,1,0 --sClass 65,0,1,0,1 --sClass 66,0,0,1,1 --sClass 67,0,0,0,1 --output Q:/Lidar/21.08.25 Natchitoches LiDAR Test/LiDAR DATA/21.10.11_Natchitoches/QATool/20211012_135814_QA --limit 0.03,0,128,0 --limit 0.05,0,255,0 --limit 0.1,255,255,0 --limit 1.79769e+308,255,0,0 
2021-10-12 14:01:01,486 [0x00002164] INFO  qaTool - Licensing initialization OK
2021-10-12 14:01:02,836 [0x00002164] INFO  QualityPointCloud - Loading Q:\Lidar\21.08.25 Natchitoches LiDAR Test\LiDAR DATA\21.10.11_Natchitoches\block\block\20210825_003503\Natchitoches_test_flight_07192021_1\Natchitoches_test_flight_07192021_1\003_010127\pc\003_010127_1_6_adj.las using 100% of the points
2021-10-12 14:01:03,808 [0x00002164] INFO  QualityPointCloud - Loading Q:\Lidar\21.08.25 Natchitoches LiDAR Test\LiDAR DATA\21.10.11_Natchitoches\block\block\20210825_003503\Natchitoches_test_flight_07192021_1\Natchitoches_test_flight_07192021_1\003_010127\pc\003_010127_1_5_adj.las using 100% of the points
2021-10-12 14:01:04,588 [0x00002164] INFO  QualityPointCloud - Loading Q:\Lidar\21.08.25 Natchitoches LiDAR Test\LiDAR DATA\21.10.11_Natchitoches\block\block\20210825_003503\Natchitoches_test_flight_07192021_1\Natchitoches_test_flight_07192021_1\003_010127\pc\003_010127_0_5_adj.las using 100% of the points
2021-10-12 14:01:08,456 [0x00002164] INFO  QualityPointCloud - Loading Q:\Lidar\21.08.25 Natchitoches LiDAR Test\LiDAR DATA\21.10.11_Natchitoches\block\block\20210825_003503\Natchitoches_test_flight_07192021_1\Natchitoches_test_flight_07192021_1\003_010127\pc\003_010127_0_3_adj.las using 100% of the points
2021-10-12 14:01:11,591 [0x00002164] INFO  QualityPointCloud - Loading Q:\Lidar\21.08.25 Natchitoches LiDAR Test\LiDAR DATA\21.10.11_Natchitoches\block\block\20210825_003503\Natchitoches_test_flight_07192021_1\Natchitoches_test_flight_07192021_1\003_010127\pc\003_010127_1_3_adj.las using 100% of the points
2021-10-12 14:01:11,856 [0x00002164] INFO  QualityPointCloud - Loading Q:\Lidar\21.08.25 Natchitoches LiDAR Test\LiDAR DATA\21.10.11_Natchitoches\block\block\20210825_003503\Natchitoches_test_flight_07192021_1\Natchitoches_test_flight_07192021_1\003_010127\pc\003_010127_0_4_adj.las using 100% of the points
2021-10-12 14:01:16,072 [0x00002164] INFO  QualityPointCloud - Loading Q:\Lidar\21.08.25 Natchitoches LiDAR Test\LiDAR DATA\21.10.11_Natchitoches\block\block\20210825_003503\Natchitoches_test_flight_07192021_1\Natchitoches_test_flight_07192021_1\003_010127\pc\003_010127_1_4_adj.las using 100% of the points
2021-10-12 14:01:16,622 [0x00002164] INFO  QualityPointCloud - Loading Q:\Lidar\21.08.25 Natchitoches LiDAR Test\LiDAR DATA\21.10.11_Natchitoches\block\block\20210825_003503\Natchitoches_test_flight_07192021_1\Natchitoches_test_flight_07192021_1\003_010127\pc\003_010127_0_2_adj.las using 100% of the points
2021-10-12 14:01:20,271 [0x00002164] INFO  QualityPointCloud - Loading Q:\Lidar\21.08.25 Natchitoches LiDAR Test\LiDAR DATA\21.10.11_Natchitoches\block\block\20210825_003503\Natchitoches_test_flight_07192021_1\Natchitoches_test_flight_07192021_1\003_010127\pc\003_010127_1_2_adj.las using 100% of the points
2021-10-12 14:01:20,407 [0x00002164] INFO  QualityPointCloud - Loading Q:\Lidar\21.08.25 Natchitoches LiDAR Test\LiDAR DATA\21.10.11_Natchitoches\block\block\20210825_003503\Natchitoches_test_flight_07192021_1\Natchitoches_test_flight_07192021_1\003_010127\pc\003_010127_0_1_adj.las using 100% of the points
2021-10-12 14:01:25,011 [0x00002164] INFO  QualityPointCloud - Loading Q:\Lidar\21.08.25 Natchitoches LiDAR Test\LiDAR DATA\21.10.11_Natchitoches\block\block\20210825_003503\Natchitoches_test_flight_07192021_1\Natchitoches_test_flight_07192021_1\003_010127\pc\003_010127_1_1_adj.las using 100% of the points
2021-10-12 14:01:25,014 [0x00002164] INFO  QualityPointCloud - Loading Q:\Lidar\21.08.25 Natchitoches LiDAR Test\LiDAR DATA\21.10.11_Natchitoches\block\block\20210825_003503\Natchitoches_test_flight_07192021_1\Natchitoches_test_flight_07192021_1\003_010127\pc\003_010127_0_0_adj.las using 100% of the points
2021-10-12 14:01:28,164 [0x00002164] INFO  QualityPointCloud - Loading Q:\Lidar\21.08.25 Natchitoches LiDAR Test\LiDAR DATA\21.10.11_Natchitoches\block\block\20210825_003503\Natchitoches_test_flight_07192021_1\Natchitoches_test_flight_07192021_1\003_010127\pc\003_010127_1_7_adj.las using 100% of the points
2021-10-12 14:01:29,593 [0x00002164] INFO  QualityPointCloud - Loading Q:\Lidar\21.08.25 Natchitoches LiDAR Test\LiDAR DATA\21.10.11_Natchitoches\block\block\20210825_003503\Natchitoches_test_flight_07192021_1\Natchitoches_test_flight_07192021_1\003_010127\pc\003_010127_0_7_adj.las using 100% of the points
2021-10-12 14:01:33,035 [0x00002164] INFO  QualityPointCloud - Loading Q:\Lidar\21.08.25 Natchitoches LiDAR Test\LiDAR DATA\21.10.11_Natchitoches\block\block\20210825_003503\Natchitoches_test_flight_07192021_1\Natchitoches_test_flight_07192021_1\003_010127\pc\003_010127_0_6_adj.las using 100% of the points
2021-10-12 14:01:53,528 [0x00002164] INFO  VerticalCompare - Comparing with definition dataset
2021-10-12 14:02:35,222 [0x00002164] INFO  root - End qaTool
2021-10-12 14:02:35,755 [0x00004cc8] INFO  root - Start ...
2021-10-12 14:02:35,756 [0x00004cc8] INFO  root - Start qaTool ...
2021-10-12 14:02:35,756 [0x00004cc8] INFO  qaTool - qaTool (rev 3.0.0-55679)
(C) 2006-2020 Leica Geosystems AG / North West Geomatics Ltd.
2021-10-12 14:02:35,756 [0x00004cc8] INFO  qaTool - C:\Program Files\Hexagon\HxMap\Workflow Manager\qaTool --block Q:\Lidar\21.08.25 Natchitoches LiDAR Test\LiDAR DATA\21.10.11_Natchitoches\block\block\block.hexbk --session Q:\Lidar\21.08.25 Natchitoches LiDAR Test\LiDAR DATA\21.10.11_Natchitoches\block\block\20210825_003503\20210825_003503.hexrs --strip 002_005659 --take {b2e6094d-5b09-4cd1-bb4d-7abd5cc0e72a} --saveCloud --commandId 0 --patchSettings 100,5,0.05,2 --sClass 0,1,0,1,0 --sClass 1,0,0.501961,0.501961,0 --sClass 2,0,0,0,0.501961 --sClass 3,0,0,0.501961,0 --sClass 4,0,0.501961,0,0 --sClass 5,0,1,1,0 --sClass 6,0,1,0,1 --sClass 7,0,0.501961,0,0.501961 --sClass 8,0,1,0,0 --sClass 9,0,0.501961,0.501961,0 --sClass 10,0,0,1,1 --sClass 11,0,0,0,1 --sClass 12,0,0.752941,0.752941,0.752941 --sClass 13,0,0,1,0 --sClass 14,0,1,0,0 --sClass 15,0,0.752941,0.752941,0.752941 --sClass 16,0,0.627451,0.627451,0.643137 --sClass 17,0,0.501961,0.501961,0.501961 --sClass 18,0,0,0.501961,0.501961 --sClass 40,0,0,0,0.501961 --sClass 41,0,0.501961,0,0.501961 --sClass 42,0,0,0.501961,0.501961 --sClass 43,0,0,0.501961,0 --sClass 44,0,0.501961,0,0 --sClass 45,0,0.627451,0.627451,0.643137 --sClass 64,0,1,1,0 --sClass 65,0,1,0,1 --sClass 66,0,0,1,1 --sClass 67,0,0,0,1 --output Q:/Lidar/21.08.25 Natchitoches LiDAR Test/LiDAR DATA/21.10.11_Natchitoches/QATool/20211012_135814_QA --limit 0.03,0,128,0 --limit 0.05,0,255,0 --limit 0.1,255,255,0 --limit 1.79769e+308,255,0,0 
2021-10-12 14:02:35,960 [0x00004cc8] INFO  qaTool - Licensing initialization OK
2021-10-12 14:02:37,320 [0x00004cc8] INFO  QualityPointCloud - Loading Q:\Lidar\21.08.25 Natchitoches LiDAR Test\LiDAR DATA\21.10.11_Natchitoches\block\block\20210825_003503\Natchitoches_test_flight_07192021_1\Natchitoches_test_flight_07192021_1\002_005659\pc\002_005659_0_1_adj.las using 100% of the points
2021-10-12 14:02:40,986 [0x00004cc8] INFO  QualityPointCloud - Loading Q:\Lidar\21.08.25 Natchitoches LiDAR Test\LiDAR DATA\21.10.11_Natchitoches\block\block\20210825_003503\Natchitoches_test_flight_07192021_1\Natchitoches_test_flight_07192021_1\002_005659\pc\002_005659_0_2_adj.las using 100% of the points
2021-10-12 14:02:44,619 [0x00004cc8] INFO  QualityPointCloud - Loading Q:\Lidar\21.08.25 Natchitoches LiDAR Test\LiDAR DATA\21.10.11_Natchitoches\block\block\20210825_003503\Natchitoches_test_flight_07192021_1\Natchitoches_test_flight_07192021_1\002_005659\pc\002_005659_0_6_adj.las using 100% of the points
2021-10-12 14:02:48,466 [0x00004cc8] INFO  QualityPointCloud - Loading Q:\Lidar\21.08.25 Natchitoches LiDAR Test\LiDAR DATA\21.10.11_Natchitoches\block\block\20210825_003503\Natchitoches_test_flight_07192021_1\Natchitoches_test_flight_07192021_1\002_005659\pc\002_005659_0_5_adj.las using 100% of the points
2021-10-12 14:02:53,096 [0x00004cc8] INFO  QualityPointCloud - Loading Q:\Lidar\21.08.25 Natchitoches LiDAR Test\LiDAR DATA\21.10.11_Natchitoches\block\block\20210825_003503\Natchitoches_test_flight_07192021_1\Natchitoches_test_flight_07192021_1\002_005659\pc\002_005659_1_5_adj.las using 100% of the points
2021-10-12 14:02:53,876 [0x00004cc8] INFO  QualityPointCloud - Loading Q:\Lidar\21.08.25 Natchitoches LiDAR Test\LiDAR DATA\21.10.11_Natchitoches\block\block\20210825_003503\Natchitoches_test_flight_07192021_1\Natchitoches_test_flight_07192021_1\002_005659\pc\002_005659_1_6_adj.las using 100% of the points
2021-10-12 14:02:54,810 [0x00004cc8] INFO  QualityPointCloud - Loading Q:\Lidar\21.08.25 Natchitoches LiDAR Test\LiDAR DATA\21.10.11_Natchitoches\block\block\20210825_003503\Natchitoches_test_flight_07192021_1\Natchitoches_test_flight_07192021_1\002_005659\pc\002_005659_0_0_adj.las using 100% of the points
2021-10-12 14:02:58,510 [0x00004cc8] INFO  QualityPointCloud - Loading Q:\Lidar\21.08.25 Natchitoches LiDAR Test\LiDAR DATA\21.10.11_Natchitoches\block\block\20210825_003503\Natchitoches_test_flight_07192021_1\Natchitoches_test_flight_07192021_1\002_005659\pc\002_005659_0_7_adj.las using 100% of the points
2021-10-12 14:03:00,578 [0x00004cc8] INFO  QualityPointCloud - Loading Q:\Lidar\21.08.25 Natchitoches LiDAR Test\LiDAR DATA\21.10.11_Natchitoches\block\block\20210825_003503\Natchitoches_test_flight_07192021_1\Natchitoches_test_flight_07192021_1\002_005659\pc\002_005659_1_7_adj.las using 100% of the points
2021-10-12 14:03:01,076 [0x00004cc8] INFO  QualityPointCloud - Loading Q:\Lidar\21.08.25 Natchitoches LiDAR Test\LiDAR DATA\21.10.11_Natchitoches\block\block\20210825_003503\Natchitoches_test_flight_07192021_1\Natchitoches_test_flight_07192021_1\002_005659\pc\002_005659_1_3_adj.las using 100% of the points
2021-10-12 14:03:01,327 [0x00004cc8] INFO  QualityPointCloud - Loading Q:\Lidar\21.08.25 Natchitoches LiDAR Test\LiDAR DATA\21.10.11_Natchitoches\block\block\20210825_003503\Natchitoches_test_flight_07192021_1\Natchitoches_test_flight_07192021_1\002_005659\pc\002_005659_0_3_adj.las using 100% of the points
2021-10-12 14:03:05,622 [0x00004cc8] INFO  QualityPointCloud - Loading Q:\Lidar\21.08.25 Natchitoches LiDAR Test\LiDAR DATA\21.10.11_Natchitoches\block\block\20210825_003503\Natchitoches_test_flight_07192021_1\Natchitoches_test_flight_07192021_1\002_005659\pc\002_005659_0_4_adj.las using 100% of the points
2021-10-12 14:03:10,448 [0x00004cc8] INFO  QualityPointCloud - Loading Q:\Lidar\21.08.25 Natchitoches LiDAR Test\LiDAR DATA\21.10.11_Natchitoches\block\block\20210825_003503\Natchitoches_test_flight_07192021_1\Natchitoches_test_flight_07192021_1\002_005659\pc\002_005659_1_4_adj.las using 100% of the points
2021-10-12 14:03:10,949 [0x00004cc8] INFO  QualityPointCloud - Loading Q:\Lidar\21.08.25 Natchitoches LiDAR Test\LiDAR DATA\21.10.11_Natchitoches\block\block\20210825_003503\Natchitoches_test_flight_07192021_1\Natchitoches_test_flight_07192021_1\002_005659\pc\002_005659_1_2_adj.las using 100% of the points
2021-10-12 14:03:26,729 [0x00004cc8] INFO  VerticalCompare - Comparing with definition dataset
2021-10-12 14:04:06,393 [0x00004cc8] INFO  root - End qaTool
2021-10-12 14:04:06,979 [0x000053b4] INFO  root - Start ...
2021-10-12 14:04:06,979 [0x000053b4] INFO  root - Start qaTool ...
2021-10-12 14:04:06,979 [0x000053b4] INFO  qaTool - qaTool (rev 3.0.0-55679)
(C) 2006-2020 Leica Geosystems AG / North West Geomatics Ltd.
2021-10-12 14:04:06,979 [0x000053b4] INFO  qaTool - C:\Program Files\Hexagon\HxMap\Workflow Manager\qaTool --block Q:\Lidar\21.08.25 Natchitoches LiDAR Test\LiDAR DATA\21.10.11_Natchitoches\block\block\block.hexbk --session Q:\Lidar\21.08.25 Natchitoches LiDAR Test\LiDAR DATA\21.10.11_Natchitoches\block\block\20210825_003503\20210825_003503.hexrs --strip 001_005216 --take {b29fff7d-8691-4329-bd92-630d7f64801e} --saveCloud --commandId 0 --patchSettings 100,5,0.05,2 --sClass 0,1,0,1,0 --sClass 1,0,0.501961,0.501961,0 --sClass 2,0,0,0,0.501961 --sClass 3,0,0,0.501961,0 --sClass 4,0,0.501961,0,0 --sClass 5,0,1,1,0 --sClass 6,0,1,0,1 --sClass 7,0,0.501961,0,0.501961 --sClass 8,0,1,0,0 --sClass 9,0,0.501961,0.501961,0 --sClass 10,0,0,1,1 --sClass 11,0,0,0,1 --sClass 12,0,0.752941,0.752941,0.752941 --sClass 13,0,0,1,0 --sClass 14,0,1,0,0 --sClass 15,0,0.752941,0.752941,0.752941 --sClass 16,0,0.627451,0.627451,0.643137 --sClass 17,0,0.501961,0.501961,0.501961 --sClass 18,0,0,0.501961,0.501961 --sClass 40,0,0,0,0.501961 --sClass 41,0,0.501961,0,0.501961 --sClass 42,0,0,0.501961,0.501961 --sClass 43,0,0,0.501961,0 --sClass 44,0,0.501961,0,0 --sClass 45,0,0.627451,0.627451,0.643137 --sClass 64,0,1,1,0 --sClass 65,0,1,0,1 --sClass 66,0,0,1,1 --sClass 67,0,0,0,1 --output Q:/Lidar/21.08.25 Natchitoches LiDAR Test/LiDAR DATA/21.10.11_Natchitoches/QATool/20211012_135814_QA --limit 0.03,0,128,0 --limit 0.05,0,255,0 --limit 0.1,255,255,0 --limit 1.79769e+308,255,0,0 
2021-10-12 14:04:07,178 [0x000053b4] INFO  qaTool - Licensing initialization OK
2021-10-12 14:04:08,549 [0x000053b4] INFO  QualityPointCloud - Loading Q:\Lidar\21.08.25 Natchitoches LiDAR Test\LiDAR DATA\21.10.11_Natchitoches\block\block\20210825_003503\Natchitoches_test_flight_07192021_1\Natchitoches_test_flight_07192021_1\001_005216\pc\001_005216_0_3_adj.las using 100% of the points
2021-10-12 14:04:13,566 [0x000053b4] INFO  QualityPointCloud - Loading Q:\Lidar\21.08.25 Natchitoches LiDAR Test\LiDAR DATA\21.10.11_Natchitoches\block\block\20210825_003503\Natchitoches_test_flight_07192021_1\Natchitoches_test_flight_07192021_1\001_005216\pc\001_005216_1_3_adj.las using 100% of the points
2021-10-12 14:04:13,734 [0x000053b4] INFO  QualityPointCloud - Loading Q:\Lidar\21.08.25 Natchitoches LiDAR Test\LiDAR DATA\21.10.11_Natchitoches\block\block\20210825_003503\Natchitoches_test_flight_07192021_1\Natchitoches_test_flight_07192021_1\001_005216\pc\001_005216_0_2_adj.las using 100% of the points
2021-10-12 14:04:18,298 [0x000053b4] INFO  QualityPointCloud - Loading Q:\Lidar\21.08.25 Natchitoches LiDAR Test\LiDAR DATA\21.10.11_Natchitoches\block\block\20210825_003503\Natchitoches_test_flight_07192021_1\Natchitoches_test_flight_07192021_1\001_005216\pc\001_005216_1_2_adj.las using 100% of the points
2021-10-12 14:04:18,317 [0x000053b4] INFO  QualityPointCloud - Loading Q:\Lidar\21.08.25 Natchitoches LiDAR Test\LiDAR DATA\21.10.11_Natchitoches\block\block\20210825_003503\Natchitoches_test_flight_07192021_1\Natchitoches_test_flight_07192021_1\001_005216\pc\001_005216_0_6_adj.las using 100% of the points
2021-10-12 14:04:21,743 [0x000053b4] INFO  QualityPointCloud - Loading Q:\Lidar\21.08.25 Natchitoches LiDAR Test\LiDAR DATA\21.10.11_Natchitoches\block\block\20210825_003503\Natchitoches_test_flight_07192021_1\Natchitoches_test_flight_07192021_1\001_005216\pc\001_005216_0_5_adj.las using 100% of the points
2021-10-12 14:04:22,951 [0x000053b4] INFO  QualityPointCloud - Loading Q:\Lidar\21.08.25 Natchitoches LiDAR Test\LiDAR DATA\21.10.11_Natchitoches\block\block\20210825_003503\Natchitoches_test_flight_07192021_1\Natchitoches_test_flight_07192021_1\001_005216\pc\001_005216_0_7_adj.las using 100% of the points
2021-10-12 14:04:25,898 [0x000053b4] INFO  QualityPointCloud - Loading Q:\Lidar\21.08.25 Natchitoches LiDAR Test\LiDAR DATA\21.10.11_Natchitoches\block\block\20210825_003503\Natchitoches_test_flight_07192021_1\Natchitoches_test_flight_07192021_1\001_005216\pc\001_005216_1_6_adj.las using 100% of the points
2021-10-12 14:04:27,272 [0x000053b4] INFO  QualityPointCloud - Loading Q:\Lidar\21.08.25 Natchitoches LiDAR Test\LiDAR DATA\21.10.11_Natchitoches\block\block\20210825_003503\Natchitoches_test_flight_07192021_1\Natchitoches_test_flight_07192021_1\001_005216\pc\001_005216_0_4_adj.las using 100% of the points
2021-10-12 14:04:28,748 [0x000053b4] INFO  QualityPointCloud - Loading Q:\Lidar\21.08.25 Natchitoches LiDAR Test\LiDAR DATA\21.10.11_Natchitoches\block\block\20210825_003503\Natchitoches_test_flight_07192021_1\Natchitoches_test_flight_07192021_1\001_005216\pc\001_005216_1_4_adj.las using 100% of the points
2021-10-12 14:04:29,162 [0x000053b4] INFO  QualityPointCloud - Loading Q:\Lidar\21.08.25 Natchitoches LiDAR Test\LiDAR DATA\21.10.11_Natchitoches\block\block\20210825_003503\Natchitoches_test_flight_07192021_1\Natchitoches_test_flight_07192021_1\001_005216\pc\001_005216_1_7_adj.las using 100% of the points
2021-10-12 14:04:30,176 [0x000053b4] INFO  QualityPointCloud - Loading Q:\Lidar\21.08.25 Natchitoches LiDAR Test\LiDAR DATA\21.10.11_Natchitoches\block\block\20210825_003503\Natchitoches_test_flight_07192021_1\Natchitoches_test_flight_07192021_1\001_005216\pc\001_005216_1_5_adj.las using 100% of the points
2021-10-12 14:04:31,470 [0x000053b4] INFO  QualityPointCloud - Loading Q:\Lidar\21.08.25 Natchitoches LiDAR Test\LiDAR DATA\21.10.11_Natchitoches\block\block\20210825_003503\Natchitoches_test_flight_07192021_1\Natchitoches_test_flight_07192021_1\001_005216\pc\001_005216_0_0_adj.las using 100% of the points
2021-10-12 14:04:37,170 [0x000053b4] INFO  QualityPointCloud - Loading Q:\Lidar\21.08.25 Natchitoches LiDAR Test\LiDAR DATA\21.10.11_Natchitoches\block\block\20210825_003503\Natchitoches_test_flight_07192021_1\Natchitoches_test_flight_07192021_1\001_005216\pc\001_005216_0_1_adj.las using 100% of the points
2021-10-12 14:05:04,827 [0x000053b4] INFO  VerticalCompare - Comparing with definition dataset
2021-10-12 14:05:33,859 [0x000053b4] INFO  root - End qaTool
2021-10-12 14:05:34,379 [0x00000758] INFO  root - Start ...
2021-10-12 14:05:34,379 [0x00000758] INFO  root - Start qaTool ...
2021-10-12 14:05:34,379 [0x00000758] INFO  qaTool - qaTool (rev 3.0.0-55679)
(C) 2006-2020 Leica Geosystems AG / North West Geomatics Ltd.
2021-10-12 14:05:34,379 [0x00000758] INFO  qaTool - C:\Program Files\Hexagon\HxMap\Workflow Manager\qaTool --block Q:\Lidar\21.08.25 Natchitoches LiDAR Test\LiDAR DATA\21.10.11_Natchitoches\block\block\block.hexbk --session Q:\Lidar\21.08.25 Natchitoches LiDAR Test\LiDAR DATA\21.10.11_Natchitoches\block\block\20210825_003503\20210825_003503.hexrs --strip 004_010545 --take {8882e8fd-4451-4029-a8fc-f0008666e0a0} --block Q:\Lidar\21.08.25 Natchitoches LiDAR Test\LiDAR DATA\21.10.11_Natchitoches\block\block\block.hexbk --session Q:\Lidar\21.08.25 Natchitoches LiDAR Test\LiDAR DATA\21.10.11_Natchitoches\block\block\20210825_003503\20210825_003503.hexrs --strip 005_011048 --take {c2110f3c-ad95-4337-bf98-2dcc1a6ba765} --commandId 1 --patchSettings 100,5,0.05,2 --sClass 0,1,0,1,0 --sClass 1,0,0.501961,0.501961,0 --sClass 2,0,0,0,0.501961 --sClass 3,0,0,0.501961,0 --sClass 4,0,0.501961,0,0 --sClass 5,0,1,1,0 --sClass 6,0,1,0,1 --sClass 7,0,0.501961,0,0.501961 --sClass 8,0,1,0,0 --sClass 9,0,0.501961,0.501961,0 --sClass 10,0,0,1,1 --sClass 11,0,0,0,1 --sClass 12,0,0.752941,0.752941,0.752941 --sClass 13,0,0,1,0 --sClass 14,0,1,0,0 --sClass 15,0,0.752941,0.752941,0.752941 --sClass 16,0,0.627451,0.627451,0.643137 --sClass 17,0,0.501961,0.501961,0.501961 --sClass 18,0,0,0.501961,0.501961 --sClass 40,0,0,0,0.501961 --sClass 41,0,0.501961,0,0.501961 --sClass 42,0,0,0.501961,0.501961 --sClass 43,0,0,0.501961,0 --sClass 44,0,0.501961,0,0 --sClass 45,0,0.627451,0.627451,0.643137 --sClass 64,0,1,1,0 --sClass 65,0,1,0,1 --sClass 66,0,0,1,1 --sClass 67,0,0,0,1 --output Q:/Lidar/21.08.25 Natchitoches LiDAR Test/LiDAR DATA/21.10.11_Natchitoches/QATool/20211012_135814_QA --limit 0.03,0,128,0 --limit 0.05,0,255,0 --limit 0.1,255,255,0 --limit 1.79769e+308,255,0,0 
2021-10-12 14:05:34,569 [0x00000758] INFO  qaTool - Licensing initialization OK
2021-10-12 14:06:07,988 [0x00000758] INFO  VerticalCompare - Comparing with definition dataset
2021-10-12 14:06:42,502 [0x00000758] INFO  root - End qaTool
2021-10-12 14:06:43,073 [0x00004344] INFO  root - Start ...
2021-10-12 14:06:43,074 [0x00004344] INFO  root - Start qaTool ...
2021-10-12 14:06:43,074 [0x00004344] INFO  qaTool - qaTool (rev 3.0.0-55679)
(C) 2006-2020 Leica Geosystems AG / North West Geomatics Ltd.
2021-10-12 14:06:43,074 [0x00004344] INFO  qaTool - C:\Program Files\Hexagon\HxMap\Workflow Manager\qaTool --block Q:\Lidar\21.08.25 Natchitoches LiDAR Test\LiDAR DATA\21.10.11_Natchitoches\block\block\block.hexbk --session Q:\Lidar\21.08.25 Natchitoches LiDAR Test\LiDAR DATA\21.10.11_Natchitoches\block\block\20210825_003503\20210825_003503.hexrs --strip 003_010127 --take {707cc1e5-cb1d-45fa-a5b5-7332aeabfaa1} --block Q:\Lidar\21.08.25 Natchitoches LiDAR Test\LiDAR DATA\21.10.11_Natchitoches\block\block\block.hexbk --session Q:\Lidar\21.08.25 Natchitoches LiDAR Test\LiDAR DATA\21.10.11_Natchitoches\block\block\20210825_003503\20210825_003503.hexrs --strip 004_010545 --take {8882e8fd-4451-4029-a8fc-f0008666e0a0} --commandId 1 --patchSettings 100,5,0.05,2 --sClass 0,1,0,1,0 --sClass 1,0,0.501961,0.501961,0 --sClass 2,0,0,0,0.501961 --sClass 3,0,0,0.501961,0 --sClass 4,0,0.501961,0,0 --sClass 5,0,1,1,0 --sClass 6,0,1,0,1 --sClass 7,0,0.501961,0,0.501961 --sClass 8,0,1,0,0 --sClass 9,0,0.501961,0.501961,0 --sClass 10,0,0,1,1 --sClass 11,0,0,0,1 --sClass 12,0,0.752941,0.752941,0.752941 --sClass 13,0,0,1,0 --sClass 14,0,1,0,0 --sClass 15,0,0.752941,0.752941,0.752941 --sClass 16,0,0.627451,0.627451,0.643137 --sClass 17,0,0.501961,0.501961,0.501961 --sClass 18,0,0,0.501961,0.501961 --sClass 40,0,0,0,0.501961 --sClass 41,0,0.501961,0,0.501961 --sClass 42,0,0,0.501961,0.501961 --sClass 43,0,0,0.501961,0 --sClass 44,0,0.501961,0,0 --sClass 45,0,0.627451,0.627451,0.643137 --sClass 64,0,1,1,0 --sClass 65,0,1,0,1 --sClass 66,0,0,1,1 --sClass 67,0,0,0,1 --output Q:/Lidar/21.08.25 Natchitoches LiDAR Test/LiDAR DATA/21.10.11_Natchitoches/QATool/20211012_135814_QA --limit 0.03,0,128,0 --limit 0.05,0,255,0 --limit 0.1,255,255,0 --limit 1.79769e+308,255,0,0 
2021-10-12 14:06:43,270 [0x00004344] INFO  qaTool - Licensing initialization OK
2021-10-12 14:07:16,771 [0x00004344] INFO  VerticalCompare - Comparing with definition dataset
2021-10-12 14:07:53,849 [0x00004344] INFO  root - End qaTool
2021-10-12 14:07:54,368 [0x00004d4c] INFO  root - Start ...
2021-10-12 14:07:54,368 [0x00004d4c] INFO  root - Start qaTool ...
2021-10-12 14:07:54,368 [0x00004d4c] INFO  qaTool - qaTool (rev 3.0.0-55679)
(C) 2006-2020 Leica Geosystems AG / North West Geomatics Ltd.
2021-10-12 14:07:54,368 [0x00004d4c] INFO  qaTool - C:\Program Files\Hexagon\HxMap\Workflow Manager\qaTool --block Q:\Lidar\21.08.25 Natchitoches LiDAR Test\LiDAR DATA\21.10.11_Natchitoches\block\block\block.hexbk --session Q:\Lidar\21.08.25 Natchitoches LiDAR Test\LiDAR DATA\21.10.11_Natchitoches\block\block\20210825_003503\20210825_003503.hexrs --strip 002_005659 --take {b2e6094d-5b09-4cd1-bb4d-7abd5cc0e72a} --block Q:\Lidar\21.08.25 Natchitoches LiDAR Test\LiDAR DATA\21.10.11_Natchitoches\block\block\block.hexbk --session Q:\Lidar\21.08.25 Natchitoches LiDAR Test\LiDAR DATA\21.10.11_Natchitoches\block\block\20210825_003503\20210825_003503.hexrs --strip 003_010127 --take {707cc1e5-cb1d-45fa-a5b5-7332aeabfaa1} --commandId 1 --patchSettings 100,5,0.05,2 --sClass 0,1,0,1,0 --sClass 1,0,0.501961,0.501961,0 --sClass 2,0,0,0,0.501961 --sClass 3,0,0,0.501961,0 --sClass 4,0,0.501961,0,0 --sClass 5,0,1,1,0 --sClass 6,0,1,0,1 --sClass 7,0,0.501961,0,0.501961 --sClass 8,0,1,0,0 --sClass 9,0,0.501961,0.501961,0 --sClass 10,0,0,1,1 --sClass 11,0,0,0,1 --sClass 12,0,0.752941,0.752941,0.752941 --sClass 13,0,0,1,0 --sClass 14,0,1,0,0 --sClass 15,0,0.752941,0.752941,0.752941 --sClass 16,0,0.627451,0.627451,0.643137 --sClass 17,0,0.501961,0.501961,0.501961 --sClass 18,0,0,0.501961,0.501961 --sClass 40,0,0,0,0.501961 --sClass 41,0,0.501961,0,0.501961 --sClass 42,0,0,0.501961,0.501961 --sClass 43,0,0,0.501961,0 --sClass 44,0,0.501961,0,0 --sClass 45,0,0.627451,0.627451,0.643137 --sClass 64,0,1,1,0 --sClass 65,0,1,0,1 --sClass 66,0,0,1,1 --sClass 67,0,0,0,1 --output Q:/Lidar/21.08.25 Natchitoches LiDAR Test/LiDAR DATA/21.10.11_Natchitoches/QATool/20211012_135814_QA --limit 0.03,0,128,0 --limit 0.05,0,255,0 --limit 0.1,255,255,0 --limit 1.79769e+308,255,0,0 
2021-10-12 14:07:54,568 [0x00004d4c] INFO  qaTool - Licensing initialization OK
2021-10-12 14:08:29,477 [0x00004d4c] INFO  VerticalCompare - Comparing with definition dataset
2021-10-12 14:09:08,661 [0x00004d4c] INFO  root - End qaTool
2021-10-12 14:09:09,173 [0x00001eec] INFO  root - Start ...
2021-10-12 14:09:09,173 [0x00001eec] INFO  root - Start qaTool ...
2021-10-12 14:09:09,173 [0x00001eec] INFO  qaTool - qaTool (rev 3.0.0-55679)
(C) 2006-2020 Leica Geosystems AG / North West Geomatics Ltd.
2021-10-12 14:09:09,173 [0x00001eec] INFO  qaTool - C:\Program Files\Hexagon\HxMap\Workflow Manager\qaTool --block Q:\Lidar\21.08.25 Natchitoches LiDAR Test\LiDAR DATA\21.10.11_Natchitoches\block\block\block.hexbk --session Q:\Lidar\21.08.25 Natchitoches LiDAR Test\LiDAR DATA\21.10.11_Natchitoches\block\block\20210825_003503\20210825_003503.hexrs --strip 001_005216 --take {b29fff7d-8691-4329-bd92-630d7f64801e} --block Q:\Lidar\21.08.25 Natchitoches LiDAR Test\LiDAR DATA\21.10.11_Natchitoches\block\block\block.hexbk --session Q:\Lidar\21.08.25 Natchitoches LiDAR Test\LiDAR DATA\21.10.11_Natchitoches\block\block\20210825_003503\20210825_003503.hexrs --strip 002_005659 --take {b2e6094d-5b09-4cd1-bb4d-7abd5cc0e72a} --commandId 1 --patchSettings 100,5,0.05,2 --sClass 0,1,0,1,0 --sClass 1,0,0.501961,0.501961,0 --sClass 2,0,0,0,0.501961 --sClass 3,0,0,0.501961,0 --sClass 4,0,0.501961,0,0 --sClass 5,0,1,1,0 --sClass 6,0,1,0,1 --sClass 7,0,0.501961,0,0.501961 --sClass 8,0,1,0,0 --sClass 9,0,0.501961,0.501961,0 --sClass 10,0,0,1,1 --sClass 11,0,0,0,1 --sClass 12,0,0.752941,0.752941,0.752941 --sClass 13,0,0,1,0 --sClass 14,0,1,0,0 --sClass 15,0,0.752941,0.752941,0.752941 --sClass 16,0,0.627451,0.627451,0.643137 --sClass 17,0,0.501961,0.501961,0.501961 --sClass 18,0,0,0.501961,0.501961 --sClass 40,0,0,0,0.501961 --sClass 41,0,0.501961,0,0.501961 --sClass 42,0,0,0.501961,0.501961 --sClass 43,0,0,0.501961,0 --sClass 44,0,0.501961,0,0 --sClass 45,0,0.627451,0.627451,0.643137 --sClass 64,0,1,1,0 --sClass 65,0,1,0,1 --sClass 66,0,0,1,1 --sClass 67,0,0,0,1 --output Q:/Lidar/21.08.25 Natchitoches LiDAR Test/LiDAR DATA/21.10.11_Natchitoches/QATool/20211012_135814_QA --limit 0.03,0,128,0 --limit 0.05,0,255,0 --limit 0.1,255,255,0 --limit 1.79769e+308,255,0,0 
2021-10-12 14:09:09,383 [0x00001eec] INFO  qaTool - Licensing initialization OK
2021-10-12 14:09:47,418 [0x00001eec] INFO  VerticalCompare - Comparing with definition dataset
2021-10-12 14:10:26,335 [0x00001eec] INFO  root - End qaTool
2021-10-12 14:10:26,864 [0x00003f14] INFO  root - Start ...
2021-10-12 14:10:26,864 [0x00003f14] INFO  root - Start qaTool ...
2021-10-12 14:10:26,864 [0x00003f14] INFO  qaTool - qaTool (rev 3.0.0-55679)
(C) 2006-2020 Leica Geosystems AG / North West Geomatics Ltd.
2021-10-12 14:10:26,864 [0x00003f14] INFO  qaTool - C:\Program Files\Hexagon\HxMap\Workflow Manager\qaTool --command 3 --output Q:/Lidar/21.08.25 Natchitoches LiDAR Test/LiDAR DATA/21.10.11_Natchitoches/QATool/20211012_135814_QA 
2021-10-12 14:10:27,073 [0x00003f14] INFO  qaTool - Licensing initialization OK
2021-10-12 14:10:28,046 [0x00003f14] INFO  root - End qaTool
2021-10-12 14:10:28,613 [0x00003e50] INFO  root - Start ...
2021-10-12 14:10:28,613 [0x00003e50] INFO  root - Start qaTool ...
2021-10-12 14:10:28,613 [0x00003e50] INFO  qaTool - qaTool (rev 3.0.0-55679)
(C) 2006-2020 Leica Geosystems AG / North West Geomatics Ltd.
2021-10-12 14:10:28,613 [0x00003e50] INFO  qaTool - C:\Program Files\Hexagon\HxMap\Workflow Manager\qaTool --command 5 --output Q:/Lidar/21.08.25 Natchitoches LiDAR Test/LiDAR DATA/21.10.11_Natchitoches/QATool/20211012_135814_QA 
2021-10-12 14:10:28,816 [0x00003e50] INFO  qaTool - Licensing initialization OK
2021-10-12 14:10:32,074 [0x00003e50] INFO  root - End qaTool
